[0404/233229.167:ERROR:process_memory_win.cc(73)] ReadMemory at 0x2809fdaebb0 of 72 bytes failed: Egy ReadProcessMemory vagy WriteProcessMemory kérésnek csak egy része készült el. (0x12B)
[0404/233229.170:WARNING:pe_image_annotations_reader.cc(134)] could not read annotations list object in C:\Program Files (x86)\Google\Chrome\Application\80.0.3987.149\chrome_elf.dll
[0404/233229.170:ERROR:process_memory_win.cc(73)] ReadMemory at 0x2809fe08d10 of 72 bytes failed: Egy ReadProcessMemory vagy WriteProcessMemory kérésnek csak egy része készült el. (0x12B)
[0404/233229.170:WARNING:pe_image_annotations_reader.cc(134)] could not read annotations list object in C:\Program Files (x86)\Google\Chrome\Application\80.0.3987.149\chrome.dll
[0404/233229.171:ERROR:process_memory_win.cc(73)] ReadMemory at 0x2809fdaebb0 of 72 bytes failed: Egy ReadProcessMemory vagy WriteProcessMemory kérésnek csak egy része készült el. (0x12B)
[0404/233229.171:WARNING:pe_image_annotations_reader.cc(134)] could not read annotations list object in C:\Program Files (x86)\Google\Chrome\Application\80.0.3987.149\chrome_elf.dll
[0404/233229.172:ERROR:process_memory_win.cc(73)] ReadMemory at 0x2809fe08d10 of 72 bytes failed: Egy ReadProcessMemory vagy WriteProcessMemory kérésnek csak egy része készült el. (0x12B)
[0404/233229.172:WARNING:pe_image_annotations_reader.cc(134)] could not read annotations list object in C:\Program Files (x86)\Google\Chrome\Application\80.0.3987.149\chrome.dll
[0404/233229.202:ERROR:process_memory_win.cc(73)] ReadMemory at 0xe3b75db000 of 151552 bytes failed: Egy ReadProcessMemory vagy WriteProcessMemory kérésnek csak egy része készült el. (0x12B)
[0404/233229.202:ERROR:process_memory_win.cc(73)] ReadMemory at 0xe3b7dfd000 of 12288 bytes failed: Egy ReadProcessMemory vagy WriteProcessMemory kérésnek csak egy része készült el. (0x12B)
[0404/233229.203:ERROR:process_memory_win.cc(73)] ReadMemory at 0xe3b8dfc000 of 16384 bytes failed: Egy ReadProcessMemory vagy WriteProcessMemory kérésnek csak egy része készült el. (0x12B)
[0404/233229.203:ERROR:process_memory_win.cc(73)] ReadMemory at 0xe3b95fc000 of 16384 bytes failed: Egy ReadProcessMemory vagy WriteProcessMemory kérésnek csak egy része készült el. (0x12B)
[0404/233229.204:ERROR:process_memory_win.cc(73)] ReadMemory at 0xe3b9dff000 of 4096 bytes failed: Egy ReadProcessMemory vagy WriteProcessMemory kérésnek csak egy része készült el. (0x12B)
[0404/233229.204:ERROR:process_memory_win.cc(73)] ReadMemory at 0xe3ba5fd000 of 12288 bytes failed: Egy ReadProcessMemory vagy WriteProcessMemory kérésnek csak egy része készült el. (0x12B)
[0404/233229.205:ERROR:process_memory_win.cc(73)] ReadMemory at 0xe3badfb000 of 20480 bytes failed: Egy ReadProcessMemory vagy WriteProcessMemory kérésnek csak egy része készült el. (0x12B)
[0404/233229.205:ERROR:process_memory_win.cc(73)] ReadMemory at 0xe3bbdfb000 of 20480 bytes failed: Egy ReadProcessMemory vagy WriteProcessMemory kérésnek csak egy része készült el. (0x12B)
[0404/233229.205:ERROR:process_memory_win.cc(73)] ReadMemory at 0xe3bc5f5000 of 45056 bytes failed: Egy ReadProcessMemory vagy WriteProcessMemory kérésnek csak egy része készült el. (0x12B)
[0404/233229.205:ERROR:process_memory_win.cc(73)] ReadMemory at 0xe3bcdf4000 of 49152 bytes failed: Egy ReadProcessMemory vagy WriteProcessMemory kérésnek csak egy része készült el. (0x12B)
[0404/233229.206:ERROR:process_memory_win.cc(73)] ReadMemory at 0xe3bd5fc000 of 16384 bytes failed: Egy ReadProcessMemory vagy WriteProcessMemory kérésnek csak egy része készült el. (0x12B)
[0404/233229.206:ERROR:process_memory_win.cc(73)] ReadMemory at 0xe3bb5fd000 of 12288 bytes failed: Egy ReadProcessMemory vagy WriteProcessMemory kérésnek csak egy része készült el. (0x12B)
[0404/233229.206:ERROR:process_memory_win.cc(73)] ReadMemory at 0xe3bedfa000 of 24576 bytes failed: Egy ReadProcessMemory vagy WriteProcessMemory kérésnek csak egy része készült el. (0x12B)
[0404/233229.206:ERROR:process_memory_win.cc(73)] ReadMemory at 0xe3b85fc000 of 16384 bytes failed: Egy ReadProcessMemory vagy WriteProcessMemory kérésnek csak egy része készült el. (0x12B)
[0404/233229.206:ERROR:process_memory_win.cc(73)] ReadMemory at 0xe3bddfc000 of 16384 bytes failed: Egy ReadProcessMemory vagy WriteProcessMemory kérésnek csak egy része készült el. (0x12B)
[0404/233229.206:ERROR:process_memory_win.cc(73)] ReadMemory at 0xe3be5fc000 of 16384 bytes failed: Egy ReadProcessMemory vagy WriteProcessMemory kérésnek csak egy része készült el. (0x12B)
[0404/233229.206:ERROR:process_memory_win.cc(73)] ReadMemory at 0xe3bf5fd000 of 12288 bytes failed: Egy ReadProcessMemory vagy WriteProcessMemory kérésnek csak egy része készült el. (0x12B)
[0404/233229.206:ERROR:process_memory_win.cc(73)] ReadMemory at 0xe3b6c08000 of 6024 bytes failed: Egy ReadProcessMemory vagy WriteProcessMemory kérésnek csak egy része készült el. (0x12B)
[0404/233229.207:ERROR:process_memory_win.cc(73)] ReadMemory at 0xe3b6c0a000 of 6024 bytes failed: Egy ReadProcessMemory vagy WriteProcessMemory kérésnek csak egy része készült el. (0x12B)
[0404/233229.207:ERROR:process_memory_win.cc(73)] ReadMemory at 0xe3b6c0e000 of 6024 bytes failed: Egy ReadProcessMemory vagy WriteProcessMemory kérésnek csak egy része készült el. (0x12B)
[0404/233229.207:ERROR:process_memory_win.cc(73)] ReadMemory at 0xe3b6d00000 of 852 bytes failed: Egy ReadProcessMemory vagy WriteProcessMemory kérésnek csak egy része készült el. (0x12B)
[0404/233229.207:ERROR:process_memory_win.cc(73)] ReadMemory at 0xe3b6d01000 of 6024 bytes failed: Egy ReadProcessMemory vagy WriteProcessMemory kérésnek csak egy része készült el. (0x12B)
[0404/233229.207:ERROR:process_memory_win.cc(73)] ReadMemory at 0xe3b6d03000 of 6024 bytes failed: Egy ReadProcessMemory vagy WriteProcessMemory kérésnek csak egy része készült el. (0x12B)
[0404/233229.207:ERROR:process_memory_win.cc(73)] ReadMemory at 0xe3b6d07000 of 6024 bytes failed: Egy ReadProcessMemory vagy WriteProcessMemory kérésnek csak egy része készült el. (0x12B)
[0404/233229.207:ERROR:process_memory_win.cc(73)] ReadMemory at 0xe3b6d09000 of 6024 bytes failed: Egy ReadProcessMemory vagy WriteProcessMemory kérésnek csak egy része készült el. (0x12B)
[0404/233229.208:ERROR:process_memory_win.cc(73)] ReadMemory at 0xe3b6d0b000 of 6024 bytes failed: Egy ReadProcessMemory vagy WriteProcessMemory kérésnek csak egy része készült el. (0x12B)
[0404/233229.208:ERROR:process_memory_win.cc(73)] ReadMemory at 0xe3b6d0d000 of 6024 bytes failed: Egy ReadProcessMemory vagy WriteProcessMemory kérésnek csak egy része készült el. (0x12B)
[0404/233229.208:ERROR:process_memory_win.cc(73)] ReadMemory at 0xe3b6d0f000 of 6024 bytes failed: Egy ReadProcessMemory vagy WriteProcessMemory kérésnek csak egy része készült el. (0x12B)
[0404/233229.208:ERROR:process_memory_win.cc(73)] ReadMemory at 0xe3b6d13000 of 6024 bytes failed: Egy ReadProcessMemory vagy WriteProcessMemory kérésnek csak egy része készült el. (0x12B)
[0404/233229.208:ERROR:process_memory_win.cc(73)] ReadMemory at 0xe3b6d15000 of 6024 bytes failed: Egy ReadProcessMemory vagy WriteProcessMemory kérésnek csak egy része készült el. (0x12B)
[0404/233229.208:ERROR:process_memory_win.cc(73)] ReadMemory at 0xe3b6d17000 of 6024 bytes failed: Egy ReadProcessMemory vagy WriteProcessMemory kérésnek csak egy része készült el. (0x12B)
[0404/233229.208:ERROR:process_memory_win.cc(73)] ReadMemory at 0xe3b6d19000 of 6024 bytes failed: Egy ReadProcessMemory vagy WriteProcessMemory kérésnek csak egy része készült el. (0x12B)
[0404/233229.209:ERROR:process_memory_win.cc(73)] ReadMemory at 0xe3b6d1f000 of 6024 bytes failed: Egy ReadProcessMemory vagy WriteProcessMemory kérésnek csak egy része készült el. (0x12B)
[0404/233229.209:ERROR:process_memory_win.cc(73)] ReadMemory at 0xe3b6d25000 of 6024 bytes failed: Egy ReadProcessMemory vagy WriteProcessMemory kérésnek csak egy része készült el. (0x12B)
[0404/233229.209:ERROR:process_memory_win.cc(73)] ReadMemory at 0xe3b6df3000 of 6024 bytes failed: Egy ReadProcessMemory vagy WriteProcessMemory kérésnek csak egy része készült el. (0x12B)
[0404/233229.209:ERROR:process_memory_win.cc(73)] ReadMemory at 0x2809f9f0fe0 of 23324 bytes failed: Egy ReadProcessMemory vagy WriteProcessMemory kérésnek csak egy része készült el. (0x12B)
[0404/233229.209:ERROR:process_memory_win.cc(73)] ReadMemory at 0x2809f9f6b10 of 1012 bytes failed: Egy ReadProcessMemory vagy WriteProcessMemory kérésnek csak egy része készült el. (0x12B)
[0404/233229.210:ERROR:process_memory_win.cc(73)] ReadMemory at 0x2809f9f7158 of 118 bytes failed: Egy ReadProcessMemory vagy WriteProcessMemory kérésnek csak egy része készült el. (0x12B)
[0404/233229.210:ERROR:process_memory_win.cc(73)] ReadMemory at 0x2809f9f71d0 of 836 bytes failed: Egy ReadProcessMemory vagy WriteProcessMemory kérésnek csak egy része készült el. (0x12B)
[0404/233229.210:ERROR:process_memory_win.cc(73)] ReadMemory at 0x2809f9f7516 of 118 bytes failed: Egy ReadProcessMemory vagy WriteProcessMemory kérésnek csak egy része készült el. (0x12B)
[0404/233229.210:ERROR:process_memory_win.cc(73)] ReadMemory at 0x2809f9f758e of 102 bytes failed: Egy ReadProcessMemory vagy WriteProcessMemory kérésnek csak egy része készült el. (0x12B)
[0404/233229.210:ERROR:process_memory_win.cc(73)] ReadMemory at 0x2809f9f7600 of 58 bytes failed: Egy ReadProcessMemory vagy WriteProcessMemory kérésnek csak egy része készült el. (0x12B)
[0404/233229.210:ERROR:process_memory_win.cc(73)] ReadMemory at 0x2809f9f7700 of 132 bytes failed: Egy ReadProcessMemory vagy WriteProcessMemory kérésnek csak egy része készült el. (0x12B)
[0404/233229.210:ERROR:process_memory_win.cc(73)] ReadMemory at 0x2809f9f7890 of 132 bytes failed: Egy ReadProcessMemory vagy WriteProcessMemory kérésnek csak egy része készült el. (0x12B)
[0404/233229.210:ERROR:process_memory_win.cc(73)] ReadMemory at 0x2809f9f7a50 of 126 bytes failed: Egy ReadProcessMemory vagy WriteProcessMemory kérésnek csak egy része készült el. (0x12B)
[0404/233229.210:ERROR:process_memory_win.cc(73)] ReadMemory at 0x2809f9f7e30 of 132 bytes failed: Egy ReadProcessMemory vagy WriteProcessMemory kérésnek csak egy része készült el. (0x12B)
[0404/233229.210:ERROR:process_memory_win.cc(73)] ReadMemory at 0x2809f9f7fd0 of 64 bytes failed: Egy ReadProcessMemory vagy WriteProcessMemory kérésnek csak egy része készült el. (0x12B)
[0404/233229.210:ERROR:process_memory_win.cc(73)] ReadMemory at 0x2809f9f8020 of 132 bytes failed: Egy ReadProcessMemory vagy WriteProcessMemory kérésnek csak egy része készült el. (0x12B)
[0404/233229.211:ERROR:process_memory_win.cc(73)] ReadMemory at 0x2809f9f8190 of 132 bytes failed: Egy ReadProcessMemory vagy WriteProcessMemory kérésnek csak egy része készült el. (0x12B)
[0404/233229.211:ERROR:process_memory_win.cc(73)] ReadMemory at 0x2809f9f8430 of 132 bytes failed: Egy ReadProcessMemory vagy WriteProcessMemory kérésnek csak egy része készült el. (0x12B)
[0404/233229.211:ERROR:process_memory_win.cc(73)] ReadMemory at 0x2809f9f85c0 of 68 bytes failed: Egy ReadProcessMemory vagy WriteProcessMemory kérésnek csak egy része készült el. (0x12B)
[0404/233229.211:ERROR:process_memory_win.cc(73)] ReadMemory at 0x2809f9f96b0 of 132 bytes failed: Egy ReadProcessMemory vagy WriteProcessMemory kérésnek csak egy része készült el. (0x12B)
[0404/233229.211:ERROR:process_memory_win.cc(73)] ReadMemory at 0x2809f9f9840 of 154 bytes failed: Egy ReadProcessMemory vagy WriteProcessMemory kérésnek csak egy része készült el. (0x12B)
[0404/233229.211:ERROR:process_memory_win.cc(73)] ReadMemory at 0x2809f9fa6fc of 512 bytes failed: Egy ReadProcessMemory vagy WriteProcessMemory kérésnek csak egy része készült el. (0x12B)
[0404/233229.211:ERROR:process_memory_win.cc(73)] ReadMemory at 0x2809f9fadf0 of 132 bytes failed: Egy ReadProcessMemory vagy WriteProcessMemory kérésnek csak egy része készült el. (0x12B)
[0404/233229.212:ERROR:process_memory_win.cc(73)] ReadMemory at 0x2809f9faf20 of 146 bytes failed: Egy ReadProcessMemory vagy WriteProcessMemory kérésnek csak egy része készült el. (0x12B)
[0404/233229.212:ERROR:process_memory_win.cc(73)] ReadMemory at 0x2809f9fbc50 of 62 bytes failed: Egy ReadProcessMemory vagy WriteProcessMemory kérésnek csak egy része készült el. (0x12B)
[0404/233229.212:ERROR:process_memory_win.cc(73)] ReadMemory at 0x2809f9fbdb0 of 132 bytes failed: Egy ReadProcessMemory vagy WriteProcessMemory kérésnek csak egy része készült el. (0x12B)
[0404/233229.212:ERROR:process_memory_win.cc(73)] ReadMemory at 0x2809f9fbf40 of 60 bytes failed: Egy ReadProcessMemory vagy WriteProcessMemory kérésnek csak egy része készült el. (0x12B)
[0404/233229.212:ERROR:process_memory_win.cc(73)] ReadMemory at 0x2809f9fe690 of 132 bytes failed: Egy ReadProcessMemory vagy WriteProcessMemory kérésnek csak egy része készült el. (0x12B)
[0404/233229.212:ERROR:process_memory_win.cc(73)] ReadMemory at 0x2809f9fe7c0 of 132 bytes failed: Egy ReadProcessMemory vagy WriteProcessMemory kérésnek csak egy része készült el. (0x12B)
[0404/233229.212:ERROR:process_memory_win.cc(73)] ReadMemory at 0x2809f9ff410 of 132 bytes failed: Egy ReadProcessMemory vagy WriteProcessMemory kérésnek csak egy része készült el. (0x12B)
[0404/233229.212:ERROR:process_memory_win.cc(73)] ReadMemory at 0x2809f9ffcb0 of 80 bytes failed: Egy ReadProcessMemory vagy WriteProcessMemory kérésnek csak egy része készült el. (0x12B)
[0404/233229.212:ERROR:process_memory_win.cc(73)] ReadMemory at 0x2809f9fffb0 of 62 bytes failed: Egy ReadProcessMemory vagy WriteProcessMemory kérésnek csak egy része készült el. (0x12B)
[0404/233229.212:ERROR:process_memory_win.cc(73)] ReadMemory at 0x2809fa000a0 of 60 bytes failed: Egy ReadProcessMemory vagy WriteProcessMemory kérésnek csak egy része készült el. (0x12B)
[0404/233229.213:ERROR:process_memory_win.cc(73)] ReadMemory at 0x2809fa00230 of 60 bytes failed: Egy ReadProcessMemory vagy WriteProcessMemory kérésnek csak egy része készült el. (0x12B)
[0404/233229.213:ERROR:process_memory_win.cc(73)] ReadMemory at 0x2809fa00280 of 64 bytes failed: Egy ReadProcessMemory vagy WriteProcessMemory kérésnek csak egy része készült el. (0x12B)
[0404/233229.213:ERROR:process_memory_win.cc(73)] ReadMemory at 0x2809fa002d0 of 66 bytes failed: Egy ReadProcessMemory vagy WriteProcessMemory kérésnek csak egy része készült el. (0x12B)
[0404/233229.213:ERROR:process_memory_win.cc(73)] ReadMemory at 0x2809fa00320 of 64 bytes failed: Egy ReadProcessMemory vagy WriteProcessMemory kérésnek csak egy része készült el. (0x12B)
[0404/233229.213:ERROR:process_memory_win.cc(73)] ReadMemory at 0x2809fa00370 of 62 bytes failed: Egy ReadProcessMemory vagy WriteProcessMemory kérésnek csak egy része készült el. (0x12B)
[0404/233229.213:ERROR:process_memory_win.cc(73)] ReadMemory at 0x2809fa004b0 of 64 bytes failed: Egy ReadProcessMemory vagy WriteProcessMemory kérésnek csak egy része készült el. (0x12B)
[0404/233229.213:ERROR:process_memory_win.cc(73)] ReadMemory at 0x2809fa005a0 of 64 bytes failed: Egy ReadProcessMemory vagy WriteProcessMemory kérésnek csak egy része készült el. (0x12B)
[0404/233229.213:ERROR:process_memory_win.cc(73)] ReadMemory at 0x2809fa00910 of 76 bytes failed: Egy ReadProcessMemory vagy WriteProcessMemory kérésnek csak egy része készült el. (0x12B)
[0404/233229.213:ERROR:process_memory_win.cc(73)] ReadMemory at 0x2809fa010f0 of 80 bytes failed: Egy ReadProcessMemory vagy WriteProcessMemory kérésnek csak egy része készült el. (0x12B)
[0404/233229.213:ERROR:process_memory_win.cc(73)] ReadMemory at 0x2809fa053d0 of 54 bytes failed: Egy ReadProcessMemory vagy WriteProcessMemory kérésnek csak egy része készült el. (0x12B)
[0404/233229.213:ERROR:process_memory_win.cc(73)] ReadMemory at 0x2809fa06a30 of 132 bytes failed: Egy ReadProcessMemory vagy WriteProcessMemory kérésnek csak egy része készült el. (0x12B)
[0404/233229.213:ERROR:process_memory_win.cc(73)] ReadMemory at 0x2809fa06b60 of 132 bytes failed: Egy ReadProcessMemory vagy WriteProcessMemory kérésnek csak egy része készült el. (0x12B)
[0404/233229.214:ERROR:process_memory_win.cc(73)] ReadMemory at 0x2809fa08230 of 132 bytes failed: Egy ReadProcessMemory vagy WriteProcessMemory kérésnek csak egy része készült el. (0x12B)
[0404/233229.214:ERROR:process_memory_win.cc(73)] ReadMemory at 0x2809fa084a0 of 132 bytes failed: Egy ReadProcessMemory vagy WriteProcessMemory kérésnek csak egy része készült el. (0x12B)
[0404/233229.214:ERROR:process_memory_win.cc(73)] ReadMemory at 0x2809fa086b0 of 132 bytes failed: Egy ReadProcessMemory vagy WriteProcessMemory kérésnek csak egy része készült el. (0x12B)
[0404/233229.214:ERROR:process_memory_win.cc(73)] ReadMemory at 0x2809fa0a330 of 132 bytes failed: Egy ReadProcessMemory vagy WriteProcessMemory kérésnek csak egy része készült el. (0x12B)
[0404/233229.214:ERROR:process_memory_win.cc(73)] ReadMemory at 0x2809fa0a460 of 132 bytes failed: Egy ReadProcessMemory vagy WriteProcessMemory kérésnek csak egy része készült el. (0x12B)
[0404/233229.214:ERROR:process_memory_win.cc(73)] ReadMemory at 0x2809fa0a590 of 132 bytes failed: Egy ReadProcessMemory vagy WriteProcessMemory kérésnek csak egy része készült el. (0x12B)
[0404/233229.214:ERROR:process_memory_win.cc(73)] ReadMemory at 0x2809fa0a6c0 of 132 bytes failed: Egy ReadProcessMemory vagy WriteProcessMemory kérésnek csak egy része készült el. (0x12B)
[0404/233229.214:ERROR:process_memory_win.cc(73)] ReadMemory at 0x2809fa0a7f0 of 132 bytes failed: Egy ReadProcessMemory vagy WriteProcessMemory kérésnek csak egy része készült el. (0x12B)
[0404/233229.214:ERROR:process_memory_win.cc(73)] ReadMemory at 0x2809fa0a920 of 132 bytes failed: Egy ReadProcessMemory vagy WriteProcessMemory kérésnek csak egy része készült el. (0x12B)
[0404/233229.214:ERROR:process_memory_win.cc(73)] ReadMemory at 0x2809fa0aa50 of 132 bytes failed: Egy ReadProcessMemory vagy WriteProcessMemory kérésnek csak egy része készült el. (0x12B)
[0404/233229.214:ERROR:process_memory_win.cc(73)] ReadMemory at 0x2809fa0acb0 of 132 bytes failed: Egy ReadProcessMemory vagy WriteProcessMemory kérésnek csak egy része készült el. (0x12B)
[0404/233229.215:ERROR:process_memory_win.cc(73)] ReadMemory at 0x2809fa0ade0 of 132 bytes failed: Egy ReadProcessMemory vagy WriteProcessMemory kérésnek csak egy része készült el. (0x12B)
[0404/233229.215:ERROR:process_memory_win.cc(73)] ReadMemory at 0x2809fa0af10 of 132 bytes failed: Egy ReadProcessMemory vagy WriteProcessMemory kérésnek csak egy része készült el. (0x12B)
[0404/233229.215:ERROR:process_memory_win.cc(73)] ReadMemory at 0x2809fa0b040 of 132 bytes failed: Egy ReadProcessMemory vagy WriteProcessMemory kérésnek csak egy része készült el. (0x12B)
[0404/233229.215:ERROR:process_memory_win.cc(73)] ReadMemory at 0x2809fa0b170 of 132 bytes failed: Egy ReadProcessMemory vagy WriteProcessMemory kérésnek csak egy része készült el. (0x12B)
[0404/233229.215:ERROR:process_memory_win.cc(73)] ReadMemory at 0x2809fa0d070 of 60 bytes failed: Egy ReadProcessMemory vagy WriteProcessMemory kérésnek csak egy része készült el. (0x12B)
[0404/233229.215:ERROR:process_memory_win.cc(73)] ReadMemory at 0x2809fa0d1b0 of 62 bytes failed: Egy ReadProcessMemory vagy WriteProcessMemory kérésnek csak egy része készült el. (0x12B)
[0404/233229.215:ERROR:process_memory_win.cc(73)] ReadMemory at 0x2809fa0d2a0 of 60 bytes failed: Egy ReadProcessMemory vagy WriteProcessMemory kérésnek csak egy része készült el. (0x12B)
[0404/233229.215:ERROR:process_memory_win.cc(73)] ReadMemory at 0x2809fa0d2f0 of 62 bytes failed: Egy ReadProcessMemory vagy WriteProcessMemory kérésnek csak egy része készült el. (0x12B)
[0404/233229.215:ERROR:process_memory_win.cc(73)] ReadMemory at 0x2809fa0d430 of 64 bytes failed: Egy ReadProcessMemory vagy WriteProcessMemory kérésnek csak egy része készült el. (0x12B)
[0404/233229.215:ERROR:process_memory_win.cc(73)] ReadMemory at 0x2809fa0d520 of 62 bytes failed: Egy ReadProcessMemory vagy WriteProcessMemory kérésnek csak egy része készült el. (0x12B)
[0404/233229.215:ERROR:process_memory_win.cc(73)] ReadMemory at 0x2809fa0d5c0 of 60 bytes failed: Egy ReadProcessMemory vagy WriteProcessMemory kérésnek csak egy része készült el. (0x12B)
[0404/233229.216:ERROR:process_memory_win.cc(73)] ReadMemory at 0x2809fa0d610 of 64 bytes failed: Egy ReadProcessMemory vagy WriteProcessMemory kérésnek csak egy része készült el. (0x12B)
[0404/233229.216:ERROR:process_memory_win.cc(73)] ReadMemory at 0x2809fa0d660 of 64 bytes failed: Egy ReadProcessMemory vagy WriteProcessMemory kérésnek csak egy része készült el. (0x12B)
[0404/233229.217:ERROR:process_memory_win.cc(73)] ReadMemory at 0x2809fa0d840 of 64 bytes failed: Egy ReadProcessMemory vagy WriteProcessMemory kérésnek csak egy része készült el. (0x12B)
[0404/233229.217:ERROR:process_memory_win.cc(73)] ReadMemory at 0x2809fa0da20 of 62 bytes failed: Egy ReadProcessMemory vagy WriteProcessMemory kérésnek csak egy része készült el. (0x12B)
[0404/233229.217:ERROR:process_memory_win.cc(73)] ReadMemory at 0x2809fa0da70 of 62 bytes failed: Egy ReadProcessMemory vagy WriteProcessMemory kérésnek csak egy része készült el. (0x12B)
[0404/233229.217:ERROR:process_memory_win.cc(73)] ReadMemory at 0x2809fa0dbb0 of 62 bytes failed: Egy ReadProcessMemory vagy WriteProcessMemory kérésnek csak egy része készült el. (0x12B)
[0404/233229.217:ERROR:process_memory_win.cc(73)] ReadMemory at 0x2809fa0dd40 of 62 bytes failed: Egy ReadProcessMemory vagy WriteProcessMemory kérésnek csak egy része készült el. (0x12B)
[0404/233229.218:ERROR:process_memory_win.cc(73)] ReadMemory at 0x2809fa0dde0 of 60 bytes failed: Egy ReadProcessMemory vagy WriteProcessMemory kérésnek csak egy része készült el. (0x12B)
[0404/233229.218:ERROR:process_memory_win.cc(73)] ReadMemory at 0x2809fa0de30 of 66 bytes failed: Egy ReadProcessMemory vagy WriteProcessMemory kérésnek csak egy része készült el. (0x12B)
[0404/233229.218:ERROR:process_memory_win.cc(73)] ReadMemory at 0x2809fa0ded0 of 62 bytes failed: Egy ReadProcessMemory vagy WriteProcessMemory kérésnek csak egy része készült el. (0x12B)
[0404/233229.218:ERROR:process_memory_win.cc(73)] ReadMemory at 0x2809fa0df20 of 58 bytes failed: Egy ReadProcessMemory vagy WriteProcessMemory kérésnek csak egy része készült el. (0x12B)
[0404/233229.218:ERROR:process_memory_win.cc(73)] ReadMemory at 0x2809fa0e030 of 132 bytes failed: Egy ReadProcessMemory vagy WriteProcessMemory kérésnek csak egy része készült el. (0x12B)
[0404/233229.218:ERROR:process_memory_win.cc(73)] ReadMemory at 0x2809fa0e160 of 132 bytes failed: Egy ReadProcessMemory vagy WriteProcessMemory kérésnek csak egy része készült el. (0x12B)
[0404/233229.218:ERROR:process_memory_win.cc(73)] ReadMemory at 0x2809fa0e3c0 of 132 bytes failed: Egy ReadProcessMemory vagy WriteProcessMemory kérésnek csak egy része készült el. (0x12B)
[0404/233229.219:ERROR:process_memory_win.cc(73)] ReadMemory at 0x2809fa0e750 of 132 bytes failed: Egy ReadProcessMemory vagy WriteProcessMemory kérésnek csak egy része készült el. (0x12B)
[0404/233229.219:ERROR:process_memory_win.cc(73)] ReadMemory at 0x2809fa0e880 of 132 bytes failed: Egy ReadProcessMemory vagy WriteProcessMemory kérésnek csak egy része készült el. (0x12B)
[0404/233229.219:ERROR:process_memory_win.cc(73)] ReadMemory at 0x2809fa0f200 of 132 bytes failed: Egy ReadProcessMemory vagy WriteProcessMemory kérésnek csak egy része készült el. (0x12B)
[0404/233229.219:ERROR:process_memory_win.cc(73)] ReadMemory at 0x2809fa0f590 of 132 bytes failed: Egy ReadProcessMemory vagy WriteProcessMemory kérésnek csak egy része készült el. (0x12B)
[0404/233229.219:ERROR:process_memory_win.cc(73)] ReadMemory at 0x2809fa0fa50 of 132 bytes failed: Egy ReadProcessMemory vagy WriteProcessMemory kérésnek csak egy része készült el. (0x12B)
[0404/233229.220:ERROR:process_memory_win.cc(73)] ReadMemory at 0x2809fa0fb80 of 132 bytes failed: Egy ReadProcessMemory vagy WriteProcessMemory kérésnek csak egy része készült el. (0x12B)
[0404/233229.220:ERROR:process_memory_win.cc(73)] ReadMemory at 0x2809fa0fcb0 of 132 bytes failed: Egy ReadProcessMemory vagy WriteProcessMemory kérésnek csak egy része készült el. (0x12B)
[0404/233229.220:ERROR:process_memory_win.cc(73)] ReadMemory at 0x2809fa268a0 of 512 bytes failed: Egy ReadProcessMemory vagy WriteProcessMemory kérésnek csak egy része készült el. (0x12B)
[0404/233229.220:ERROR:process_memory_win.cc(73)] ReadMemory at 0x2809fa276d0 of 512 bytes failed: Egy ReadProcessMemory vagy WriteProcessMemory kérésnek csak egy része készült el. (0x12B)
[0404/233229.220:ERROR:process_memory_win.cc(73)] ReadMemory at 0x2809fde1180 of 512 bytes failed: Egy ReadProcessMemory vagy WriteProcessMemory kérésnek csak egy része készült el. (0x12B)
[0404/233229.220:ERROR:process_memory_win.cc(73)] ReadMemory at 0x2809fde1c00 of 512 bytes failed: Egy ReadProcessMemory vagy WriteProcessMemory kérésnek csak egy része készült el. (0x12B)
[0404/233229.220:ERROR:process_memory_win.cc(73)] ReadMemory at 0x2809fe37800 of 512 bytes failed: Egy ReadProcessMemory vagy WriteProcessMemory kérésnek csak egy része készült el. (0x12B)
[0404/233229.220:ERROR:process_memory_win.cc(73)] ReadMemory at 0x2809fe43e80 of 512 bytes failed: Egy ReadProcessMemory vagy WriteProcessMemory kérésnek csak egy része készült el. (0x12B)
[0404/233229.221:ERROR:process_memory_win.cc(73)] ReadMemory at 0x2809fe4f900 of 512 bytes failed: Egy ReadProcessMemory vagy WriteProcessMemory kérésnek csak egy része készült el. (0x12B)
[0404/233229.221:ERROR:process_memory_win.cc(73)] ReadMemory at 0x2809fe65960 of 712 bytes failed: Egy ReadProcessMemory vagy WriteProcessMemory kérésnek csak egy része készült el. (0x12B)
[0404/233229.221:ERROR:process_memory_win.cc(73)] ReadMemory at 0x2809fe75138 of 944 bytes failed: Egy ReadProcessMemory vagy WriteProcessMemory kérésnek csak egy része készült el. (0x12B)
[0404/233229.221:ERROR:process_memory_win.cc(73)] ReadMemory at 0x2809fe75be8 of 512 bytes failed: Egy ReadProcessMemory vagy WriteProcessMemory kérésnek csak egy része készült el. (0x12B)
[0404/233229.221:ERROR:process_memory_win.cc(73)] ReadMemory at 0x2809fe97d90 of 512 bytes failed: Egy ReadProcessMemory vagy WriteProcessMemory kérésnek csak egy része készült el. (0x12B)
[0404/233229.221:ERROR:process_memory_win.cc(73)] ReadMemory at 0x2809ff30000 of 384 bytes failed: Egy ReadProcessMemory vagy WriteProcessMemory kérésnek csak egy része készült el. (0x12B)
[0404/233229.221:ERROR:process_memory_win.cc(73)] ReadMemory at 0x280a1d64620 of 512 bytes failed: Egy ReadProcessMemory vagy WriteProcessMemory kérésnek csak egy része készült el. (0x12B)
[0404/233229.222:ERROR:process_memory_win.cc(73)] ReadMemory at 0x280a24af908 of 512 bytes failed: Egy ReadProcessMemory vagy WriteProcessMemory kérésnek csak egy része készült el. (0x12B)
[0404/233229.222:ERROR:process_memory_win.cc(73)] ReadMemory at 0x280a3c847a8 of 512 bytes failed: Egy ReadProcessMemory vagy WriteProcessMemory kérésnek csak egy része készült el. (0x12B)
[0404/233229.222:ERROR:process_memory_win.cc(73)] ReadMemory at 0x280a3c856f0 of 512 bytes failed: Egy ReadProcessMemory vagy WriteProcessMemory kérésnek csak egy része készült el. (0x12B)
[0404/233229.222:ERROR:process_memory_win.cc(73)] ReadMemory at 0x280a5c86a40 of 512 bytes failed: Egy ReadProcessMemory vagy WriteProcessMemory kérésnek csak egy része készült el. (0x12B)
[0404/233229.222:ERROR:process_memory_win.cc(73)] ReadMemory at 0x280a60a5e60 of 512 bytes failed: Egy ReadProcessMemory vagy WriteProcessMemory kérésnek csak egy része készült el. (0x12B)
[0404/233229.222:ERROR:process_memory_win.cc(73)] ReadMemory at 0x280a88f9850 of 512 bytes failed: Egy ReadProcessMemory vagy WriteProcessMemory kérésnek csak egy része készült el. (0x12B)
[0404/233229.222:ERROR:process_memory_win.cc(73)] ReadMemory at 0x280a9a1b860 of 512 bytes failed: Egy ReadProcessMemory vagy WriteProcessMemory kérésnek csak egy része készült el. (0x12B)
[0404/233229.222:ERROR:process_memory_win.cc(73)] ReadMemory at 0x280a9a1baa0 of 512 bytes failed: Egy ReadProcessMemory vagy WriteProcessMemory kérésnek csak egy része készült el. (0x12B)
[0404/233229.223:ERROR:process_memory_win.cc(73)] ReadMemory at 0x280aca17ad0 of 512 bytes failed: Egy ReadProcessMemory vagy WriteProcessMemory kérésnek csak egy része készült el. (0x12B)
[0404/233229.223:ERROR:process_memory_win.cc(73)] ReadMemory at 0x280adbea000 of 384 bytes failed: Egy ReadProcessMemory vagy WriteProcessMemory kérésnek csak egy része készült el. (0x12B)
[0404/233229.223:ERROR:process_memory_win.cc(73)] ReadMemory at 0x280b196ffa0 of 512 bytes failed: Egy ReadProcessMemory vagy WriteProcessMemory kérésnek csak egy része készült el. (0x12B)
[0404/233229.226:ERROR:scoped_process_suspend.cc(40)] NtResumeProcess: Kísérlet történt egy éppen kilépõ folyamat elérésére. (0xc000010a)
[0513/224538.237:ERROR:process_memory_win.cc(73)] ReadMemory at 0x20d547a4af0 of 72 bytes failed: Egy ReadProcessMemory vagy WriteProcessMemory kérésnek csak egy része készült el. (0x12B)
[0513/224538.239:WARNING:pe_image_annotations_reader.cc(134)] could not read annotations list object in C:\Program Files (x86)\Google\Chrome\Application\81.0.4044.138\chrome_elf.dll
[0513/224538.239:ERROR:process_memory_win.cc(73)] ReadMemory at 0x20d54b88ec0 of 72 bytes failed: Egy ReadProcessMemory vagy WriteProcessMemory kérésnek csak egy része készült el. (0x12B)
[0513/224538.239:WARNING:pe_image_annotations_reader.cc(134)] could not read annotations list object in C:\Program Files (x86)\Google\Chrome\Application\81.0.4044.138\chrome.dll
[0513/224538.243:ERROR:process_memory_win.cc(73)] ReadMemory at 0x20d547a4af0 of 72 bytes failed: Egy ReadProcessMemory vagy WriteProcessMemory kérésnek csak egy része készült el. (0x12B)
[0513/224538.243:WARNING:pe_image_annotations_reader.cc(134)] could not read annotations list object in C:\Program Files (x86)\Google\Chrome\Application\81.0.4044.138\chrome_elf.dll
[0513/224538.244:ERROR:process_memory_win.cc(73)] ReadMemory at 0x20d54b88ec0 of 72 bytes failed: Egy ReadProcessMemory vagy WriteProcessMemory kérésnek csak egy része készült el. (0x12B)
[0513/224538.244:WARNING:pe_image_annotations_reader.cc(134)] could not read annotations list object in C:\Program Files (x86)\Google\Chrome\Application\81.0.4044.138\chrome.dll
[0513/224538.245:ERROR:process_memory_win.cc(73)] ReadMemory at 0x20d547a4af0 of 72 bytes failed: Egy ReadProcessMemory vagy WriteProcessMemory kérésnek csak egy része készült el. (0x12B)
[0513/224538.245:WARNING:pe_image_annotations_reader.cc(134)] could not read annotations list object in C:\Program Files (x86)\Google\Chrome\Application\81.0.4044.138\chrome_elf.dll
[0513/224538.245:ERROR:process_memory_win.cc(73)] ReadMemory at 0x20d54b88ec0 of 72 bytes failed: Egy ReadProcessMemory vagy WriteProcessMemory kérésnek csak egy része készült el. (0x12B)
[0513/224538.245:WARNING:pe_image_annotations_reader.cc(134)] could not read annotations list object in C:\Program Files (x86)\Google\Chrome\Application\81.0.4044.138\chrome.dll
[0513/224538.258:ERROR:process_memory_win.cc(73)] ReadMemory at 0x1b2d3f9000 of 28672 bytes failed: Egy ReadProcessMemory vagy WriteProcessMemory kérésnek csak egy része készült el. (0x12B)
[0513/224538.258:ERROR:process_memory_win.cc(73)] ReadMemory at 0x1b2dbfd000 of 12288 bytes failed: Egy ReadProcessMemory vagy WriteProcessMemory kérésnek csak egy része készült el. (0x12B)
[0513/224538.258:ERROR:process_memory_win.cc(73)] ReadMemory at 0x1b2e3fd000 of 12288 bytes failed: Egy ReadProcessMemory vagy WriteProcessMemory kérésnek csak egy része készült el. (0x12B)
[0513/224538.258:ERROR:process_memory_win.cc(73)] ReadMemory at 0x1b2ebfc000 of 16384 bytes failed: Egy ReadProcessMemory vagy WriteProcessMemory kérésnek csak egy része készült el. (0x12B)
[0513/224538.259:ERROR:process_memory_win.cc(73)] ReadMemory at 0x1b2f3fc000 of 16384 bytes failed: Egy ReadProcessMemory vagy WriteProcessMemory kérésnek csak egy része készült el. (0x12B)
[0513/224538.259:ERROR:process_memory_win.cc(73)] ReadMemory at 0x1b2fbfe000 of 8192 bytes failed: Egy ReadProcessMemory vagy WriteProcessMemory kérésnek csak egy része készült el. (0x12B)
[0513/224538.259:ERROR:process_memory_win.cc(73)] ReadMemory at 0x1b303fd000 of 12288 bytes failed: Egy ReadProcessMemory vagy WriteProcessMemory kérésnek csak egy része készült el. (0x12B)
[0513/224538.259:ERROR:process_memory_win.cc(73)] ReadMemory at 0x1b30bfd000 of 12288 bytes failed: Egy ReadProcessMemory vagy WriteProcessMemory kérésnek csak egy része készült el. (0x12B)
[0513/224538.259:ERROR:process_memory_win.cc(73)] ReadMemory at 0x1b313fd000 of 12288 bytes failed: Egy ReadProcessMemory vagy WriteProcessMemory kérésnek csak egy része készült el. (0x12B)
[0513/224538.259:ERROR:process_memory_win.cc(73)] ReadMemory at 0x1b31bfd000 of 12288 bytes failed: Egy ReadProcessMemory vagy WriteProcessMemory kérésnek csak egy része készült el. (0x12B)
[0513/224538.259:ERROR:process_memory_win.cc(73)] ReadMemory at 0x1b323fd000 of 12288 bytes failed: Egy ReadProcessMemory vagy WriteProcessMemory kérésnek csak egy része készült el. (0x12B)
[0513/224538.259:ERROR:process_memory_win.cc(73)] ReadMemory at 0x1b32bfd000 of 12288 bytes failed: Egy ReadProcessMemory vagy WriteProcessMemory kérésnek csak egy része készült el. (0x12B)
[0513/224538.260:ERROR:process_memory_win.cc(73)] ReadMemory at 0x1b333fd000 of 12288 bytes failed: Egy ReadProcessMemory vagy WriteProcessMemory kérésnek csak egy része készült el. (0x12B)
[0513/224538.260:ERROR:process_memory_win.cc(73)] ReadMemory at 0x1b2cacc000 of 852 bytes failed: Egy ReadProcessMemory vagy WriteProcessMemory kérésnek csak egy része készült el. (0x12B)
[0513/224538.260:ERROR:process_memory_win.cc(73)] ReadMemory at 0x1b2cacd000 of 6024 bytes failed: Egy ReadProcessMemory vagy WriteProcessMemory kérésnek csak egy része készült el. (0x12B)
[0513/224538.260:ERROR:process_memory_win.cc(73)] ReadMemory at 0x1b2cacf000 of 6024 bytes failed: Egy ReadProcessMemory vagy WriteProcessMemory kérésnek csak egy része készült el. (0x12B)
[0513/224538.260:ERROR:process_memory_win.cc(73)] ReadMemory at 0x1b2cad1000 of 6024 bytes failed: Egy ReadProcessMemory vagy WriteProcessMemory kérésnek csak egy része készült el. (0x12B)
[0513/224538.260:ERROR:process_memory_win.cc(73)] ReadMemory at 0x1b2cad3000 of 6024 bytes failed: Egy ReadProcessMemory vagy WriteProcessMemory kérésnek csak egy része készült el. (0x12B)
[0513/224538.260:ERROR:process_memory_win.cc(73)] ReadMemory at 0x1b2cad5000 of 6024 bytes failed: Egy ReadProcessMemory vagy WriteProcessMemory kérésnek csak egy része készült el. (0x12B)
[0513/224538.260:ERROR:process_memory_win.cc(73)] ReadMemory at 0x1b2cad7000 of 6024 bytes failed: Egy ReadProcessMemory vagy WriteProcessMemory kérésnek csak egy része készült el. (0x12B)
[0513/224538.260:ERROR:process_memory_win.cc(73)] ReadMemory at 0x1b2cad9000 of 6024 bytes failed: Egy ReadProcessMemory vagy WriteProcessMemory kérésnek csak egy része készült el. (0x12B)
[0513/224538.260:ERROR:process_memory_win.cc(73)] ReadMemory at 0x1b2cadb000 of 6024 bytes failed: Egy ReadProcessMemory vagy WriteProcessMemory kérésnek csak egy része készült el. (0x12B)
[0513/224538.260:ERROR:process_memory_win.cc(73)] ReadMemory at 0x1b2cadd000 of 6024 bytes failed: Egy ReadProcessMemory vagy WriteProcessMemory kérésnek csak egy része készült el. (0x12B)
[0513/224538.260:ERROR:process_memory_win.cc(73)] ReadMemory at 0x1b2cadf000 of 6024 bytes failed: Egy ReadProcessMemory vagy WriteProcessMemory kérésnek csak egy része készült el. (0x12B)
[0513/224538.261:ERROR:process_memory_win.cc(73)] ReadMemory at 0x1b2cae1000 of 6024 bytes failed: Egy ReadProcessMemory vagy WriteProcessMemory kérésnek csak egy része készült el. (0x12B)
[0513/224538.261:ERROR:process_memory_win.cc(73)] ReadMemory at 0x1b2cae3000 of 6024 bytes failed: Egy ReadProcessMemory vagy WriteProcessMemory kérésnek csak egy része készült el. (0x12B)
[0513/224538.261:ERROR:process_memory_win.cc(73)] ReadMemory at 0x1b2cae5000 of 6024 bytes failed: Egy ReadProcessMemory vagy WriteProcessMemory kérésnek csak egy része készült el. (0x12B)
[0513/224538.261:ERROR:process_memory_win.cc(73)] ReadMemory at 0x20d54540750 of 80 bytes failed: Egy ReadProcessMemory vagy WriteProcessMemory kérésnek csak egy része készült el. (0x12B)
[0513/224538.261:ERROR:process_memory_win.cc(73)] ReadMemory at 0x20d54540fe0 of 24510 bytes failed: Egy ReadProcessMemory vagy WriteProcessMemory kérésnek csak egy része készült el. (0x12B)
[0513/224538.261:ERROR:process_memory_win.cc(73)] ReadMemory at 0x20d54546fb0 of 1012 bytes failed: Egy ReadProcessMemory vagy WriteProcessMemory kérésnek csak egy része készült el. (0x12B)
[0513/224538.261:ERROR:process_memory_win.cc(73)] ReadMemory at 0x20d545475f8 of 118 bytes failed: Egy ReadProcessMemory vagy WriteProcessMemory kérésnek csak egy része készült el. (0x12B)
[0513/224538.261:ERROR:process_memory_win.cc(73)] ReadMemory at 0x20d54547670 of 834 bytes failed: Egy ReadProcessMemory vagy WriteProcessMemory kérésnek csak egy része készült el. (0x12B)
[0513/224538.261:ERROR:process_memory_win.cc(73)] ReadMemory at 0x20d545479b4 of 118 bytes failed: Egy ReadProcessMemory vagy WriteProcessMemory kérésnek csak egy része készült el. (0x12B)
[0513/224538.262:ERROR:process_memory_win.cc(73)] ReadMemory at 0x20d54547a2c of 94 bytes failed: Egy ReadProcessMemory vagy WriteProcessMemory kérésnek csak egy része készült el. (0x12B)
[0513/224538.262:ERROR:process_memory_win.cc(73)] ReadMemory at 0x20d54547aa0 of 58 bytes failed: Egy ReadProcessMemory vagy WriteProcessMemory kérésnek csak egy része készült el. (0x12B)
[0513/224538.262:ERROR:process_memory_win.cc(73)] ReadMemory at 0x20d54547ba0 of 132 bytes failed: Egy ReadProcessMemory vagy WriteProcessMemory kérésnek csak egy része készült el. (0x12B)
[0513/224538.262:ERROR:process_memory_win.cc(73)] ReadMemory at 0x20d54547d30 of 132 bytes failed: Egy ReadProcessMemory vagy WriteProcessMemory kérésnek csak egy része készült el. (0x12B)
[0513/224538.262:ERROR:process_memory_win.cc(73)] ReadMemory at 0x20d54547ef0 of 126 bytes failed: Egy ReadProcessMemory vagy WriteProcessMemory kérésnek csak egy része készült el. (0x12B)
[0513/224538.262:ERROR:process_memory_win.cc(73)] ReadMemory at 0x20d545482d0 of 132 bytes failed: Egy ReadProcessMemory vagy WriteProcessMemory kérésnek csak egy része készült el. (0x12B)
[0513/224538.262:ERROR:process_memory_win.cc(73)] ReadMemory at 0x20d54548460 of 64 bytes failed: Egy ReadProcessMemory vagy WriteProcessMemory kérésnek csak egy része készült el. (0x12B)
[0513/224538.262:ERROR:process_memory_win.cc(73)] ReadMemory at 0x20d545484b0 of 132 bytes failed: Egy ReadProcessMemory vagy WriteProcessMemory kérésnek csak egy része készült el. (0x12B)
[0513/224538.262:ERROR:process_memory_win.cc(73)] ReadMemory at 0x20d54548620 of 132 bytes failed: Egy ReadProcessMemory vagy WriteProcessMemory kérésnek csak egy része készült el. (0x12B)
[0513/224538.262:ERROR:process_memory_win.cc(73)] ReadMemory at 0x20d545488c0 of 132 bytes failed: Egy ReadProcessMemory vagy WriteProcessMemory kérésnek csak egy része készült el. (0x12B)
[0513/224538.262:ERROR:process_memory_win.cc(73)] ReadMemory at 0x20d54548a50 of 68 bytes failed: Egy ReadProcessMemory vagy WriteProcessMemory kérésnek csak egy része készült el. (0x12B)
[0513/224538.262:ERROR:process_memory_win.cc(73)] ReadMemory at 0x20d54549b40 of 132 bytes failed: Egy ReadProcessMemory vagy WriteProcessMemory kérésnek csak egy része készült el. (0x12B)
[0513/224538.262:ERROR:process_memory_win.cc(73)] ReadMemory at 0x20d54549cd0 of 154 bytes failed: Egy ReadProcessMemory vagy WriteProcessMemory kérésnek csak egy része készült el. (0x12B)
[0513/224538.262:ERROR:process_memory_win.cc(73)] ReadMemory at 0x20d5454aae0 of 62 bytes failed: Egy ReadProcessMemory vagy WriteProcessMemory kérésnek csak egy része készült el. (0x12B)
[0513/224538.262:ERROR:process_memory_win.cc(73)] ReadMemory at 0x20d5454ab60 of 146 bytes failed: Egy ReadProcessMemory vagy WriteProcessMemory kérésnek csak egy része készült el. (0x12B)
[0513/224538.262:ERROR:process_memory_win.cc(73)] ReadMemory at 0x20d5454ac40 of 132 bytes failed: Egy ReadProcessMemory vagy WriteProcessMemory kérésnek csak egy része készült el. (0x12B)
[0513/224538.262:ERROR:process_memory_win.cc(73)] ReadMemory at 0x20d5454add0 of 60 bytes failed: Egy ReadProcessMemory vagy WriteProcessMemory kérésnek csak egy része készült el. (0x12B)
[0513/224538.262:ERROR:process_memory_win.cc(73)] ReadMemory at 0x20d5454b470 of 132 bytes failed: Egy ReadProcessMemory vagy WriteProcessMemory kérésnek csak egy része készült el. (0x12B)
[0513/224538.263:ERROR:process_memory_win.cc(73)] ReadMemory at 0x20d5454cbd0 of 132 bytes failed: Egy ReadProcessMemory vagy WriteProcessMemory kérésnek csak egy része készült el. (0x12B)
[0513/224538.263:ERROR:process_memory_win.cc(73)] ReadMemory at 0x20d5454cd00 of 132 bytes failed: Egy ReadProcessMemory vagy WriteProcessMemory kérésnek csak egy része készült el. (0x12B)
[0513/224538.263:ERROR:process_memory_win.cc(73)] ReadMemory at 0x20d5454d060 of 132 bytes failed: Egy ReadProcessMemory vagy WriteProcessMemory kérésnek csak egy része készült el. (0x12B)
[0513/224538.263:ERROR:process_memory_win.cc(73)] ReadMemory at 0x20d5454d270 of 132 bytes failed: Egy ReadProcessMemory vagy WriteProcessMemory kérésnek csak egy része készült el. (0x12B)
[0513/224538.263:ERROR:process_memory_win.cc(73)] ReadMemory at 0x20d5454d800 of 132 bytes failed: Egy ReadProcessMemory vagy WriteProcessMemory kérésnek csak egy része készült el. (0x12B)
[0513/224538.263:ERROR:process_memory_win.cc(73)] ReadMemory at 0x20d545507a0 of 60 bytes failed: Egy ReadProcessMemory vagy WriteProcessMemory kérésnek csak egy része készült el. (0x12B)
[0513/224538.263:ERROR:process_memory_win.cc(73)] ReadMemory at 0x20d545507f0 of 64 bytes failed: Egy ReadProcessMemory vagy WriteProcessMemory kérésnek csak egy része készült el. (0x12B)
[0513/224538.263:ERROR:process_memory_win.cc(73)] ReadMemory at 0x20d54550840 of 64 bytes failed: Egy ReadProcessMemory vagy WriteProcessMemory kérésnek csak egy része készült el. (0x12B)
[0513/224538.264:ERROR:process_memory_win.cc(73)] ReadMemory at 0x20d54550890 of 62 bytes failed: Egy ReadProcessMemory vagy WriteProcessMemory kérésnek csak egy része készült el. (0x12B)
[0513/224538.264:ERROR:process_memory_win.cc(73)] ReadMemory at 0x20d54550930 of 66 bytes failed: Egy ReadProcessMemory vagy WriteProcessMemory kérésnek csak egy része készült el. (0x12B)
[0513/224538.264:ERROR:process_memory_win.cc(73)] ReadMemory at 0x20d54550a70 of 64 bytes failed: Egy ReadProcessMemory vagy WriteProcessMemory kérésnek csak egy része készült el. (0x12B)
[0513/224538.264:ERROR:process_memory_win.cc(73)] ReadMemory at 0x20d54550b10 of 62 bytes failed: Egy ReadProcessMemory vagy WriteProcessMemory kérésnek csak egy része készült el. (0x12B)
[0513/224538.264:ERROR:process_memory_win.cc(73)] ReadMemory at 0x20d54550b60 of 64 bytes failed: Egy ReadProcessMemory vagy WriteProcessMemory kérésnek csak egy része készült el. (0x12B)
[0513/224538.264:ERROR:process_memory_win.cc(73)] ReadMemory at 0x20d54550c00 of 60 bytes failed: Egy ReadProcessMemory vagy WriteProcessMemory kérésnek csak egy része készült el. (0x12B)
[0513/224538.264:ERROR:process_memory_win.cc(73)] ReadMemory at 0x20d54550f10 of 62 bytes failed: Egy ReadProcessMemory vagy WriteProcessMemory kérésnek csak egy része készült el. (0x12B)
[0513/224538.264:ERROR:process_memory_win.cc(73)] ReadMemory at 0x20d54550fb0 of 64 bytes failed: Egy ReadProcessMemory vagy WriteProcessMemory kérésnek csak egy része készült el. (0x12B)
[0513/224538.264:ERROR:process_memory_win.cc(73)] ReadMemory at 0x20d54551190 of 62 bytes failed: Egy ReadProcessMemory vagy WriteProcessMemory kérésnek csak egy része készült el. (0x12B)
[0513/224538.264:ERROR:process_memory_win.cc(73)] ReadMemory at 0x20d54551230 of 60 bytes failed: Egy ReadProcessMemory vagy WriteProcessMemory kérésnek csak egy része készült el. (0x12B)
[0513/224538.264:ERROR:process_memory_win.cc(73)] ReadMemory at 0x20d54551280 of 62 bytes failed: Egy ReadProcessMemory vagy WriteProcessMemory kérésnek csak egy része készült el. (0x12B)
[0513/224538.264:ERROR:process_memory_win.cc(73)] ReadMemory at 0x20d545512d0 of 64 bytes failed: Egy ReadProcessMemory vagy WriteProcessMemory kérésnek csak egy része készült el. (0x12B)
[0513/224538.264:ERROR:process_memory_win.cc(73)] ReadMemory at 0x20d54551370 of 62 bytes failed: Egy ReadProcessMemory vagy WriteProcessMemory kérésnek csak egy része készült el. (0x12B)
[0513/224538.265:ERROR:process_memory_win.cc(73)] ReadMemory at 0x20d54551410 of 62 bytes failed: Egy ReadProcessMemory vagy WriteProcessMemory kérésnek csak egy része készült el. (0x12B)
[0513/224538.265:ERROR:process_memory_win.cc(73)] ReadMemory at 0x20d54551460 of 60 bytes failed: Egy ReadProcessMemory vagy WriteProcessMemory kérésnek csak egy része készült el. (0x12B)
[0513/224538.265:ERROR:process_memory_win.cc(73)] ReadMemory at 0x20d545514b0 of 62 bytes failed: Egy ReadProcessMemory vagy WriteProcessMemory kérésnek csak egy része készült el. (0x12B)
[0513/224538.265:ERROR:process_memory_win.cc(73)] ReadMemory at 0x20d545515a0 of 60 bytes failed: Egy ReadProcessMemory vagy WriteProcessMemory kérésnek csak egy része készült el. (0x12B)
[0513/224538.265:ERROR:process_memory_win.cc(73)] ReadMemory at 0x20d54551730 of 60 bytes failed: Egy ReadProcessMemory vagy WriteProcessMemory kérésnek csak egy része készült el. (0x12B)
[0513/224538.265:ERROR:process_memory_win.cc(73)] ReadMemory at 0x20d545519b0 of 62 bytes failed: Egy ReadProcessMemory vagy WriteProcessMemory kérésnek csak egy része készült el. (0x12B)
[0513/224538.265:ERROR:process_memory_win.cc(73)] ReadMemory at 0x20d54551a00 of 62 bytes failed: Egy ReadProcessMemory vagy WriteProcessMemory kérésnek csak egy része készült el. (0x12B)
[0513/224538.265:ERROR:process_memory_win.cc(73)] ReadMemory at 0x20d54551a50 of 64 bytes failed: Egy ReadProcessMemory vagy WriteProcessMemory kérésnek csak egy része készült el. (0x12B)
[0513/224538.265:ERROR:process_memory_win.cc(73)] ReadMemory at 0x20d54551b40 of 66 bytes failed: Egy ReadProcessMemory vagy WriteProcessMemory kérésnek csak egy része készült el. (0x12B)
[0513/224538.265:ERROR:process_memory_win.cc(73)] ReadMemory at 0x20d54551be0 of 58 bytes failed: Egy ReadProcessMemory vagy WriteProcessMemory kérésnek csak egy része készült el. (0x12B)
[0513/224538.265:ERROR:process_memory_win.cc(73)] ReadMemory at 0x20d54551e50 of 512 bytes failed: Egy ReadProcessMemory vagy WriteProcessMemory kérésnek csak egy része készült el. (0x12B)
[0513/224538.265:ERROR:process_memory_win.cc(73)] ReadMemory at 0x20d545544f0 of 132 bytes failed: Egy ReadProcessMemory vagy WriteProcessMemory kérésnek csak egy része készült el. (0x12B)
[0513/224538.266:ERROR:process_memory_win.cc(73)] ReadMemory at 0x20d54554620 of 132 bytes failed: Egy ReadProcessMemory vagy WriteProcessMemory kérésnek csak egy része készült el. (0x12B)
[0513/224538.266:ERROR:process_memory_win.cc(73)] ReadMemory at 0x20d54554750 of 132 bytes failed: Egy ReadProcessMemory vagy WriteProcessMemory kérésnek csak egy része készült el. (0x12B)
[0513/224538.266:ERROR:process_memory_win.cc(73)] ReadMemory at 0x20d54554880 of 132 bytes failed: Egy ReadProcessMemory vagy WriteProcessMemory kérésnek csak egy része készült el. (0x12B)
[0513/224538.266:ERROR:process_memory_win.cc(73)] ReadMemory at 0x20d545549b0 of 132 bytes failed: Egy ReadProcessMemory vagy WriteProcessMemory kérésnek csak egy része készült el. (0x12B)
[0513/224538.266:ERROR:process_memory_win.cc(73)] ReadMemory at 0x20d54556630 of 132 bytes failed: Egy ReadProcessMemory vagy WriteProcessMemory kérésnek csak egy része készült el. (0x12B)
[0513/224538.266:ERROR:process_memory_win.cc(73)] ReadMemory at 0x20d54556890 of 132 bytes failed: Egy ReadProcessMemory vagy WriteProcessMemory kérésnek csak egy része készült el. (0x12B)
[0513/224538.266:ERROR:process_memory_win.cc(73)] ReadMemory at 0x20d545569c0 of 132 bytes failed: Egy ReadProcessMemory vagy WriteProcessMemory kérésnek csak egy része készült el. (0x12B)
[0513/224538.266:ERROR:process_memory_win.cc(73)] ReadMemory at 0x20d54556af0 of 132 bytes failed: Egy ReadProcessMemory vagy WriteProcessMemory kérésnek csak egy része készült el. (0x12B)
[0513/224538.266:ERROR:process_memory_win.cc(73)] ReadMemory at 0x20d54556c20 of 132 bytes failed: Egy ReadProcessMemory vagy WriteProcessMemory kérésnek csak egy része készült el. (0x12B)
[0513/224538.266:ERROR:process_memory_win.cc(73)] ReadMemory at 0x20d54556fb0 of 132 bytes failed: Egy ReadProcessMemory vagy WriteProcessMemory kérésnek csak egy része készült el. (0x12B)
[0513/224538.266:ERROR:process_memory_win.cc(73)] ReadMemory at 0x20d54557210 of 132 bytes failed: Egy ReadProcessMemory vagy WriteProcessMemory kérésnek csak egy része készült el. (0x12B)
[0513/224538.266:ERROR:process_memory_win.cc(73)] ReadMemory at 0x20d54557800 of 132 bytes failed: Egy ReadProcessMemory vagy WriteProcessMemory kérésnek csak egy része készült el. (0x12B)
[0513/224538.266:ERROR:process_memory_win.cc(73)] ReadMemory at 0x20d54557930 of 132 bytes failed: Egy ReadProcessMemory vagy WriteProcessMemory kérésnek csak egy része készült el. (0x12B)
[0513/224538.266:ERROR:process_memory_win.cc(73)] ReadMemory at 0x20d54557a60 of 132 bytes failed: Egy ReadProcessMemory vagy WriteProcessMemory kérésnek csak egy része készült el. (0x12B)
[0513/224538.266:ERROR:process_memory_win.cc(73)] ReadMemory at 0x20d54557b90 of 132 bytes failed: Egy ReadProcessMemory vagy WriteProcessMemory kérésnek csak egy része készült el. (0x12B)
[0513/224538.266:ERROR:process_memory_win.cc(73)] ReadMemory at 0x20d54557cc0 of 132 bytes failed: Egy ReadProcessMemory vagy WriteProcessMemory kérésnek csak egy része készült el. (0x12B)
[0513/224538.266:ERROR:process_memory_win.cc(73)] ReadMemory at 0x20d54557df0 of 132 bytes failed: Egy ReadProcessMemory vagy WriteProcessMemory kérésnek csak egy része készült el. (0x12B)
[0513/224538.266:ERROR:process_memory_win.cc(73)] ReadMemory at 0x20d54558050 of 132 bytes failed: Egy ReadProcessMemory vagy WriteProcessMemory kérésnek csak egy része készült el. (0x12B)
[0513/224538.267:ERROR:process_memory_win.cc(73)] ReadMemory at 0x20d54558180 of 132 bytes failed: Egy ReadProcessMemory vagy WriteProcessMemory kérésnek csak egy része készült el. (0x12B)
[0513/224538.267:ERROR:process_memory_win.cc(73)] ReadMemory at 0x20d545582b0 of 132 bytes failed: Egy ReadProcessMemory vagy WriteProcessMemory kérésnek csak egy része készült el. (0x12B)
[0513/224538.267:ERROR:process_memory_win.cc(73)] ReadMemory at 0x20d545583e0 of 132 bytes failed: Egy ReadProcessMemory vagy WriteProcessMemory kérésnek csak egy része készült el. (0x12B)
[0513/224538.267:ERROR:process_memory_win.cc(73)] ReadMemory at 0x20d54559060 of 132 bytes failed: Egy ReadProcessMemory vagy WriteProcessMemory kérésnek csak egy része készült el. (0x12B)
[0513/224538.267:ERROR:process_memory_win.cc(73)] ReadMemory at 0x20d54559c80 of 54 bytes failed: Egy ReadProcessMemory vagy WriteProcessMemory kérésnek csak egy része készült el. (0x12B)
[0513/224538.267:ERROR:process_memory_win.cc(73)] ReadMemory at 0x20d5455b950 of 132 bytes failed: Egy ReadProcessMemory vagy WriteProcessMemory kérésnek csak egy része készült el. (0x12B)
[0513/224538.267:ERROR:process_memory_win.cc(73)] ReadMemory at 0x20d5455bca0 of 132 bytes failed: Egy ReadProcessMemory vagy WriteProcessMemory kérésnek csak egy része készült el. (0x12B)
[0513/224538.267:ERROR:process_memory_win.cc(73)] ReadMemory at 0x20d5455e7f0 of 80 bytes failed: Egy ReadProcessMemory vagy WriteProcessMemory kérésnek csak egy része készült el. (0x12B)
[0513/224538.267:ERROR:process_memory_win.cc(73)] ReadMemory at 0x20d5455ea90 of 76 bytes failed: Egy ReadProcessMemory vagy WriteProcessMemory kérésnek csak egy része készült el. (0x12B)
[0513/224538.267:ERROR:process_memory_win.cc(73)] ReadMemory at 0x20d54576f10 of 512 bytes failed: Egy ReadProcessMemory vagy WriteProcessMemory kérésnek csak egy része készült el. (0x12B)
[0513/224538.267:ERROR:process_memory_win.cc(73)] ReadMemory at 0x20d547419c0 of 512 bytes failed: Egy ReadProcessMemory vagy WriteProcessMemory kérésnek csak egy része készült el. (0x12B)
[0513/224538.267:ERROR:process_memory_win.cc(73)] ReadMemory at 0x20d54bbbb60 of 512 bytes failed: Egy ReadProcessMemory vagy WriteProcessMemory kérésnek csak egy része készült el. (0x12B)
[0513/224538.267:ERROR:process_memory_win.cc(73)] ReadMemory at 0x20d54bc4020 of 512 bytes failed: Egy ReadProcessMemory vagy WriteProcessMemory kérésnek csak egy része készült el. (0x12B)
[0513/224538.267:ERROR:process_memory_win.cc(73)] ReadMemory at 0x20d54bc4eb0 of 512 bytes failed: Egy ReadProcessMemory vagy WriteProcessMemory kérésnek csak egy része készült el. (0x12B)
[0513/224538.267:ERROR:process_memory_win.cc(73)] ReadMemory at 0x20d54bee670 of 712 bytes failed: Egy ReadProcessMemory vagy WriteProcessMemory kérésnek csak egy része készült el. (0x12B)
[0513/224538.267:ERROR:process_memory_win.cc(73)] ReadMemory at 0x20d54bf3f60 of 512 bytes failed: Egy ReadProcessMemory vagy WriteProcessMemory kérésnek csak egy része készült el. (0x12B)
[0513/224538.267:ERROR:process_memory_win.cc(73)] ReadMemory at 0x20d54bfe1d0 of 512 bytes failed: Egy ReadProcessMemory vagy WriteProcessMemory kérésnek csak egy része készült el. (0x12B)
[0513/224538.267:ERROR:process_memory_win.cc(73)] ReadMemory at 0x20d54c15968 of 512 bytes failed: Egy ReadProcessMemory vagy WriteProcessMemory kérésnek csak egy része készült el. (0x12B)
[0513/224538.268:ERROR:process_memory_win.cc(73)] ReadMemory at 0x20d56280598 of 512 bytes failed: Egy ReadProcessMemory vagy WriteProcessMemory kérésnek csak egy része készült el. (0x12B)
[0513/224538.268:ERROR:process_memory_win.cc(73)] ReadMemory at 0x20d562b3e00 of 512 bytes failed: Egy ReadProcessMemory vagy WriteProcessMemory kérésnek csak egy része készült el. (0x12B)
[0513/224538.268:ERROR:process_memory_win.cc(73)] ReadMemory at 0x20d56380120 of 512 bytes failed: Egy ReadProcessMemory vagy WriteProcessMemory kérésnek csak egy része készült el. (0x12B)
[0513/224538.268:ERROR:process_memory_win.cc(73)] ReadMemory at 0x20d563b8270 of 512 bytes failed: Egy ReadProcessMemory vagy WriteProcessMemory kérésnek csak egy része készült el. (0x12B)
[0513/224538.268:ERROR:process_memory_win.cc(73)] ReadMemory at 0x7ffbf1b10000 of 384 bytes failed: Egy ReadProcessMemory vagy WriteProcessMemory kérésnek csak egy része készült el. (0x12B)
[0513/224538.268:ERROR:process_memory_win.cc(73)] ReadMemory at 0x7ffbf41c971c of 512 bytes failed: Egy ReadProcessMemory vagy WriteProcessMemory kérésnek csak egy része készült el. (0x12B)
[0513/224538.268:ERROR:process_memory_win.cc(73)] ReadMemory at 0x7ffbf48a47b0 of 553 bytes failed: Egy ReadProcessMemory vagy WriteProcessMemory kérésnek csak egy része készült el. (0x12B)
[0513/224538.268:ERROR:process_memory_win.cc(73)] ReadMemory at 0x7ffbf9139cd8 of 512 bytes failed: Egy ReadProcessMemory vagy WriteProcessMemory kérésnek csak egy része készült el. (0x12B)
[0513/224538.268:ERROR:process_memory_win.cc(73)] ReadMemory at 0x7ffc5d04b6e0 of 512 bytes failed: Egy ReadProcessMemory vagy WriteProcessMemory kérésnek csak egy része készült el. (0x12B)
[0513/224538.268:ERROR:process_memory_win.cc(73)] ReadMemory at 0x7ffc5f9fc074 of 672 bytes failed: Egy ReadProcessMemory vagy WriteProcessMemory kérésnek csak egy része készült el. (0x12B)
[0513/224538.268:ERROR:process_memory_win.cc(73)] ReadMemory at 0x7ffc5f9fc674 of 512 bytes failed: Egy ReadProcessMemory vagy WriteProcessMemory kérésnek csak egy része készült el. (0x12B)
[0513/224538.268:ERROR:process_memory_win.cc(73)] ReadMemory at 0x7ffc5f9ff924 of 608 bytes failed: Egy ReadProcessMemory vagy WriteProcessMemory kérésnek csak egy része készült el. (0x12B)
[0513/224538.268:ERROR:process_memory_win.cc(73)] ReadMemory at 0x7ffc5fa8c428 of 18 bytes failed: Egy ReadProcessMemory vagy WriteProcessMemory kérésnek csak egy része készült el. (0x12B)
[0513/224538.269:ERROR:process_memory_win.cc(73)] ReadMemory at 0x7ffc5fabf4f8 of 40 bytes failed: Egy ReadProcessMemory vagy WriteProcessMemory kérésnek csak egy része készült el. (0x12B)
[0513/224538.269:ERROR:process_memory_win.cc(73)] ReadMemory at 0x7ffc5fabf978 of 48 bytes failed: Egy ReadProcessMemory vagy WriteProcessMemory kérésnek csak egy része készült el. (0x12B)
[0513/224538.269:ERROR:process_memory_win.cc(73)] ReadMemory at 0x7ffc5fac53c0 of 64 bytes failed: Egy ReadProcessMemory vagy WriteProcessMemory kérésnek csak egy része készült el. (0x12B)
[0513/224538.270:ERROR:scoped_process_suspend.cc(40)] NtResumeProcess: Kísérlet történt egy éppen kilépõ folyamat elérésére. (0xc000010a)
